<?xml version="1.0" encoding="UTF-8"?>
<testsuite name="com.kali.ExtendedKalmanFilterTest" tests="4" skipped="0" failures="0" errors="0" timestamp="2026-05-21T07:27:49" hostname="DESKTOP-551G0V0" time="0.084">
  <properties/>
  <testcase name="testReset" classname="com.kali.ExtendedKalmanFilterTest" time="0.001"/>
  <testcase name="testNoiseSuppressionAndConvergence" classname="com.kali.ExtendedKalmanFilterTest" time="0.005"/>
  <testcase name="testMovementAndSpeedEstimation" classname="com.kali.ExtendedKalmanFilterTest" time="0.077"/>
  <testcase name="testInitialization" classname="com.kali.ExtendedKalmanFilterTest" time="0.001"/>
  <system-out><![CDATA[]]></system-out>
  <system-err><![CDATA[]]></system-err>
</testsuite>
