<?xml version="1.0" encoding="UTF-8"?>
<testsuite name="com.kali.AuthValidationTest" tests="5" skipped="0" failures="0" errors="0" timestamp="2026-05-21T07:27:51" hostname="DESKTOP-551G0V0" time="0.023">
  <properties/>
  <testcase name="testRoleValidationUtility" classname="com.kali.AuthValidationTest" time="0.019"/>
  <testcase name="testEmailValidationUtility" classname="com.kali.AuthValidationTest" time="0.002"/>
  <testcase name="testPasswordStrengthUtility" classname="com.kali.AuthValidationTest" time="0.0"/>
  <testcase name="testGooglePayloadAssembly" classname="com.kali.AuthValidationTest" time="0.001"/>
  <testcase name="testDataModelPayloadAssembly" classname="com.kali.AuthValidationTest" time="0.001"/>
  <system-out><![CDATA[]]></system-out>
  <system-err><![CDATA[]]></system-err>
</testsuite>
